Removed Pin From Net: NetName=NetD4_4 Pin=J13-1
Removed Pin From Net: NetName=NetD4_1 Pin=J13-2
Removed Pin From Net: NetName=3.3VCC Pin=J13-3
Removed Pin From Net: NetName=GND Pin=J13-4
Removed Pin From Net: NetName=NetDA10_2 Pin=J14-1
Removed Pin From Net: NetName=NetD5_1 Pin=J14-2
Removed Pin From Net: NetName=3.3VCC Pin=J14-3
Removed Pin From Net: NetName=GND Pin=J14-4
Removed Pin From Net: NetName=NetD13_4 Pin=J15-1
Removed Pin From Net: NetName=NetD13_1 Pin=J15-2
Removed Pin From Net: NetName=3.3VCC Pin=J15-3
Removed Pin From Net: NetName=GND Pin=J15-4
Removed Pin From Net: NetName=NetDA13_2 Pin=J16-1
Removed Pin From Net: NetName=NetD14_1 Pin=J16-2
Removed Pin From Net: NetName=3.3VCC Pin=J16-3
Removed Pin From Net: NetName=GND Pin=J16-4
Added Pin To Net: NetName=3.3VCC Pin=J13-1
Added Pin To Net: NetName=GND Pin=J13-2
Added Pin To Net: NetName=NetD4_4 Pin=J13-3
Added Pin To Net: NetName=NetD4_1 Pin=J13-4
Added Pin To Net: NetName=3.3VCC Pin=J14-1
Added Pin To Net: NetName=GND Pin=J14-2
Added Pin To Net: NetName=NetDA10_2 Pin=J14-3
Added Pin To Net: NetName=NetD5_1 Pin=J14-4
Added Pin To Net: NetName=3.3VCC Pin=J15-1
Added Pin To Net: NetName=GND Pin=J15-2
Added Pin To Net: NetName=NetD13_4 Pin=J15-3
Added Pin To Net: NetName=NetD13_1 Pin=J15-4
Added Pin To Net: NetName=3.3VCC Pin=J16-1
Added Pin To Net: NetName=GND Pin=J16-2
Added Pin To Net: NetName=NetDA13_2 Pin=J16-3
Added Pin To Net: NetName=NetD14_1 Pin=J16-4
