Removed Pin From Net: NetName=ESP_TRX Pin=R30-2
Removed Pin From Net: NetName=ESP_URX Pin=R31-2
Removed Pin From Net: NetName=NetC29_2 Pin=R34-1
Removed Member From Class: ClassName=U_WiFi - ESP8266 SoC Member=R30
Removed Member From Class: ClassName=U_WiFi - ESP8266 SoC Member=R31
Removed Member From Class: ClassName=U_WiFi - ESP8266 SoC Member=R34
Added Component: Designator=RN7(EXB-N8V201JX - CAC-50P200X100-8N)
Added Pin To Net: NetName=ESP_TRX Pin=RN7-1
Added Pin To Net: NetName=ESP_URX Pin=RN7-2
Added Pin To Net: NetName=NetC29_2 Pin=RN7-6
Added Pin To Net: NetName=NetRN7_3 Pin=RN7-3
Added Pin To Net: NetName=NetRN7_3 Pin=U1-53
Added Net: Name=NetRN7_3
Added Pin To Net: NetName=NetRN7_7 Pin=RN7-7
Added Pin To Net: NetName=NetRN7_7 Pin=U1-52
Added Net: Name=NetRN7_7
Added Pin To Net: NetName=NetRN7_8 Pin=RN7-8
Added Pin To Net: NetName=NetRN7_8 Pin=U1-51
Added Net: Name=NetRN7_8
Added Member To Class: ClassName=U_WiFi - ESP8266 SoC Member=Component RN7 200 ohm
